Entering Main JFrame	userinterface.MainJFrame
Logged in User RoleBusiness.Role.SystemAdminRole
user creating networkuserinterface.SystemAdminWorkArea.SystemAdminWorkAreaJPanel
Sysadmin Creating Networkuserinterface.SystemAdminWorkArea.ManageNetworkJPanel
Name of network Created:	usa
user creating enterpirseuserinterface.SystemAdminWorkArea.SystemAdminWorkAreaJPanel
name of the Enterpise is: 	wpname of Network in which the enterprise is: 	usa	userinterface.SystemAdminWorkArea.ManageEnterpriseJPanel
user adding enterpirse adminsuserinterface.SystemAdminWorkArea.SystemAdminWorkAreaJPanel
Entering Main JFrame	userinterface.MainJFrame
Invalid credentials for user
Invalid credentials for user
Logged in User RoleBusiness.Role.SystemAdminRole
user creating networkuserinterface.SystemAdminWorkArea.SystemAdminWorkAreaJPanel
Entering Main JFrame	userinterface.MainJFrame
Logged in User RoleBusiness.Role.SystemAdminRole
user creating networkuserinterface.SystemAdminWorkArea.SystemAdminWorkAreaJPanel
Sysadmin Creating Networkuserinterface.SystemAdminWorkArea.ManageNetworkJPanel
Name of network Created:	usa
user creating enterpirseuserinterface.SystemAdminWorkArea.SystemAdminWorkAreaJPanel
name of the Enterpise is: 	conname of Network in which the enterprise is: 	usa	userinterface.SystemAdminWorkArea.ManageEnterpriseJPanel
name of the Enterpise is: 	wpname of Network in which the enterprise is: 	usa	userinterface.SystemAdminWorkArea.ManageEnterpriseJPanel
name of the Enterpise is: 	mname of Network in which the enterprise is: 	usa	userinterface.SystemAdminWorkArea.ManageEnterpriseJPanel
name of the Enterpise is: 	ename of Network in which the enterprise is: 	usa	userinterface.SystemAdminWorkArea.ManageEnterpriseJPanel
user adding enterpirse adminsuserinterface.SystemAdminWorkArea.SystemAdminWorkAreaJPanel
system admin creating enterprise admin	userinterface.SystemAdminWorkArea.ManageEnterpriseAdminJPanel
name of the USER is: 	caname of the enterprise is: 	caname of network is	usa	userinterface.SystemAdminWorkArea.ManageEnterpriseAdminJPanel
system admin creating enterprise admin	userinterface.SystemAdminWorkArea.ManageEnterpriseAdminJPanel
name of the USER is: 	waname of the enterprise is: 	waname of network is	usa	userinterface.SystemAdminWorkArea.ManageEnterpriseAdminJPanel
system admin creating enterprise admin	userinterface.SystemAdminWorkArea.ManageEnterpriseAdminJPanel
name of the USER is: 	eaname of the enterprise is: 	eaname of network is	usa	userinterface.SystemAdminWorkArea.ManageEnterpriseAdminJPanel
system admin creating enterprise admin	userinterface.SystemAdminWorkArea.ManageEnterpriseAdminJPanel
name of the USER is: 	maname of the enterprise is: 	maname of network is	usa	userinterface.SystemAdminWorkArea.ManageEnterpriseAdminJPanel
Logged in User RoleBusiness.Role.AdminRole
Enterprise admin creating Organization 	userinterface.AdministrativeRole.AdminWorkAreaJpanel
Enterprise admin adding Employee 	userinterface.AdministrativeRole.AdminWorkAreaJpanel
Enterprise admin adding following employee 	uin following Organization 	WellnessPlatform	userinterface.AdministrativeRole.ManageEmployeeJpanel
Enterprise admin adding users 	userinterface.AdministrativeRole.AdminWorkAreaJpanel
Enterprise admin creating user with name 	uRoleBusiness.Role.UserRoleIn OrganizationWellnessPlatform	userinterface.AdministrativeRole.ManageUserAccountJpanel
Current Enterprise	wp
Current Organization	WellnessPlatform
Current Network	usa
Logged in User RoleBusiness.Role.UserRole
Logged in User RoleBusiness.Role.AdminRole
Enterprise admin creating Organization 	userinterface.AdministrativeRole.AdminWorkAreaJpanel
Enterprise admin adding Employee 	userinterface.AdministrativeRole.AdminWorkAreaJpanel
Enterprise admin adding following employee 	hin following Organization 	Health Consultation Organisation	userinterface.AdministrativeRole.ManageEmployeeJpanel
Enterprise admin creating Organization 	userinterface.AdministrativeRole.AdminWorkAreaJpanel
Enterprise admin creating Organization 	userinterface.AdministrativeRole.AdminWorkAreaJpanel
Enterprise admin adding Employee 	userinterface.AdministrativeRole.AdminWorkAreaJpanel
Enterprise admin adding following employee 	fin following Organization 	Fitness Consultation Organisation	userinterface.AdministrativeRole.ManageEmployeeJpanel
Enterprise admin adding following employee 	nin following Organization 	Nutrition Consultation Organisation	userinterface.AdministrativeRole.ManageEmployeeJpanel
Enterprise admin adding users 	userinterface.AdministrativeRole.AdminWorkAreaJpanel
Enterprise admin creating user with name 	hRoleBusiness.Role.HealthConsultantRoleIn OrganizationHealth Consultation Organisation	userinterface.AdministrativeRole.ManageUserAccountJpanel
Enterprise admin creating user with name 	fRoleBusiness.Role.FitnessConsultantRoleIn OrganizationFitness Consultation Organisation	userinterface.AdministrativeRole.ManageUserAccountJpanel
Enterprise admin creating user with name 	nRoleBusiness.Role.NutritionConsultantRoleIn OrganizationNutrition Consultation Organisation	userinterface.AdministrativeRole.ManageUserAccountJpanel
Current Enterprise	con
Current Organization	Health Consultation Organisation
Current Network	usa
Logged in User RoleBusiness.Role.HealthConsultantRole
Current Enterprise	wp
Current Organization	WellnessPlatform
Current Network	usa
Logged in User RoleBusiness.Role.UserRole
Current Enterprise	con
Current Organization	Health Consultation Organisation
Current Network	usa
Logged in User RoleBusiness.Role.HealthConsultantRole
Invalid credentials for user
Logged in User RoleBusiness.Role.SystemAdminRole
user adding enterpirse adminsuserinterface.SystemAdminWorkArea.SystemAdminWorkAreaJPanel
Logged in User RoleBusiness.Role.AdminRole
Enterprise admin creating Organization 	userinterface.AdministrativeRole.AdminWorkAreaJpanel
Enterprise admin adding Employee 	userinterface.AdministrativeRole.AdminWorkAreaJpanel
Enterprise admin adding following employee 	pin following Organization 	Pharma Organisation	userinterface.AdministrativeRole.ManageEmployeeJpanel
Enterprise admin adding users 	userinterface.AdministrativeRole.AdminWorkAreaJpanel
Enterprise admin creating user with name 	pRoleBusiness.Role.PharmacistRoleIn OrganizationPharma Organisation	userinterface.AdministrativeRole.ManageUserAccountJpanel
Current Enterprise	e
Current Organization	Pharma Organisation
Current Network	usa
Logged in User RoleBusiness.Role.PharmacistRole
Current Enterprise	con
Current Organization	Health Consultation Organisation
Current Network	usa
Logged in User RoleBusiness.Role.HealthConsultantRole
Current Enterprise	e
Current Organization	Pharma Organisation
Current Network	usa
Logged in User RoleBusiness.Role.PharmacistRole
Invalid credentials for user
Logged in User RoleBusiness.Role.AdminRole
Enterprise admin adding Employee 	userinterface.AdministrativeRole.AdminWorkAreaJpanel
Enterprise admin creating Organization 	userinterface.AdministrativeRole.AdminWorkAreaJpanel
Invalid credentials for user
Invalid credentials for user
Logged in User RoleBusiness.Role.SystemAdminRole
user adding enterpirse adminsuserinterface.SystemAdminWorkArea.SystemAdminWorkAreaJPanel
Logged in User RoleBusiness.Role.AdminRole
Enterprise admin creating Organization 	userinterface.AdministrativeRole.AdminWorkAreaJpanel
Enterprise admin adding Employee 	userinterface.AdministrativeRole.AdminWorkAreaJpanel
Enterprise admin adding following employee 	min following Organization 	Manufacturing Organisation	userinterface.AdministrativeRole.ManageEmployeeJpanel
Enterprise admin adding users 	userinterface.AdministrativeRole.AdminWorkAreaJpanel
Enterprise admin creating user with name 	mRoleBusiness.Role.ManufacturerRoleIn OrganizationManufacturing Organisation	userinterface.AdministrativeRole.ManageUserAccountJpanel
Current Enterprise	m
Current Organization	Manufacturing Organisation
Current Network	usa
Logged in User RoleBusiness.Role.ManufacturerRole
Current Enterprise	e
Current Organization	Pharma Organisation
Current Network	usa
Logged in User RoleBusiness.Role.PharmacistRole
Current Enterprise	m
Current Organization	Manufacturing Organisation
Current Network	usa
Logged in User RoleBusiness.Role.ManufacturerRole
Entering Main JFrame	userinterface.MainJFrame
Current Enterprise	m
Current Organization	Manufacturing Organisation
Current Network	usa
Logged in User RoleBusiness.Role.ManufacturerRole
